[debug] [2022-06-11T04:31:39.997Z] ----------------------------------------------------------------------
[debug] [2022-06-11T04:31:39.999Z] Command:       C:\Program Files\nodejs\node.exe C:\Users\sadik\AppData\Roaming\npm\node_modules\firebase-tools\lib\bin\firebase.js init
[debug] [2022-06-11T04:31:39.999Z] CLI Version:   10.8.0
[debug] [2022-06-11T04:31:39.999Z] Platform:      win32
[debug] [2022-06-11T04:31:39.999Z] Node Version:  v16.13.1
[debug] [2022-06-11T04:31:40.000Z] Time:          Sat Jun 11 2022 10:31:40 GMT+0600 (Bangladesh Standard Time)
[debug] [2022-06-11T04:31:40.001Z] ----------------------------------------------------------------------
[debug] 
[debug] [2022-06-11T04:31:40.009Z] > command requires scopes: ["email","openid","https://www.googleapis.com/auth/cloudplatformprojects.readonly","https://www.googleapis.com/auth/firebase","https://www.googleapis.com/auth/cloud-platform"]
[debug] [2022-06-11T04:31:40.009Z] > authorizing via signed-in user (sadikhimel04@gmail.com)
[info] 
     ######## #### ########  ######## ########     ###     ######  ########
     ##        ##  ##     ## ##       ##     ##  ##   ##  ##       ##
     ######    ##  ########  ######   ########  #########  ######  ######
     ##        ##  ##    ##  ##       ##     ## ##     ##       ## ##
     ##       #### ##     ## ######## ########  ##     ##  ######  ########

You're about to initialize a Firebase project in this directory:

  C:\Users\sadik\Desktop\sadik portfolio\portfolio

[info] 
=== Project Setup
[info] 
[info] First, let's associate this project directory with a Firebase project.
[info] You can create multiple project aliases by running firebase use --add, 
[info] but for now we'll just set up a default project.
[info] 
[info] i  If you want to create a project in a Google Cloud organization or folder, please use "firebase projects:create" instead, and return to this command when you've created the project. 
